<?xml version="1.0" encoding="UTF-8"?>
<!-- Generated by org.testng.reporters.JUnitXMLReporter -->
<testsuite hostname="DESKTOP-RTFSPNK" ignored="0" name="Add Customer" tests="2" failures="1" timestamp="28 Jan 2019 13:33:10 GMT" time="0.074" errors="0">
  <testcase name="AddcustomerTest" time="0.0" classname="com.fieldez.testcases.TC_AddCustomerTest_0002">
    <skipped/>
  </testcase> <!-- AddcustomerTest -->
  <testcase name="LoginTest" time="0.0" classname="com.fieldez.testcases.TC_LoginTest_000">
    <failure type="org.testng.TestNGException" message="
Method public void com.fieldez.testcases.TC_LoginTest_000.LoginTest(java.lang.String,java.lang.String,java.lang.String) throws java.io.IOException,java.lang.InterruptedException requires a @DataProvider named : DatabaseLogin">
      <![CDATA[org.testng.TestNGException: 
Method public void com.fieldez.testcases.TC_LoginTest_000.LoginTest(java.lang.String,java.lang.String,java.lang.String) throws java.io.IOException,java.lang.InterruptedException requires a @DataProvider named : DatabaseLogin
... Removed 22 stack frames]]>
    </failure>
  </testcase> <!-- LoginTest -->
</testsuite> <!-- Add Customer -->
