<?xml version="1.0" encoding="UTF-8"?>
<!-- Generated by org.testng.reporters.JUnitXMLReporter -->
<testsuite hostname="DESKTOP-RTFSPNK" ignored="1" name="Expense Create Case" tests="2" failures="0" timestamp="26 May 2019 16:30:32 GMT" time="82.063" errors="0">
  <testcase name="LoginTest" time="22.905" classname="com.fieldez.testcases.TC_CreateCallTest_003"/>
  <testcase name="CreateCallTest" time="41.628" classname="com.fieldez.testcases.TC_CreateCallTest_003"/>
  <testcase name="UploadCallLevelAttachments" time="0.0" classname="com.fieldez.testcases.TC_CreateCallTest_003">
    <ignored/>
  </testcase> <!-- UploadCallLevelAttachments -->
</testsuite> <!-- Expense Create Case -->
