<?xml version="1.0" encoding="UTF-8"?>
<!-- Generated by org.testng.reporters.JUnitXMLReporter -->
<testsuite hostname="DESKTOP-RTFSPNK" ignored="0" name="Fieldez Web Automation" tests="1" failures="1" timestamp="28 Jan 2019 12:21:34 GMT" time="0.901" errors="0">
  <testcase name="LoginTest" time="0.585" classname="com.fieldez.testcases.TC_LoginTest_000">
    <failure type="org.testng.internal.reflect.MethodMatcherException" message="
Data provider mismatch
Method: LoginTest([Parameter{index=0, type=java.lang.String, declaredAnnotations=[]}, Parameter{index=1, type=java.lang.String, declaredAnnotations=[]}, Parameter{index=2, type=java.lang.String, declaredAnnotations=[]}])
Arguments: [(java.lang.String) org638,(java.lang.String) test123]">
      <![CDATA[org.testng.internal.reflect.MethodMatcherException: 
Data provider mismatch
Method: LoginTest([Parameter{index=0, type=java.lang.String, declaredAnnotations=[]}, Parameter{index=1, type=java.lang.String, declaredAnnotations=[]}, Parameter{index=2, type=java.lang.String, declaredAnnotations=[]}])
Arguments: [(java.lang.String) org638,(java.lang.String) test123]
... Removed 20 stack frames]]>
    </failure>
  </testcase> <!-- LoginTest -->
</testsuite> <!-- Fieldez Web Automation -->
