<?xml version="1.0" encoding="UTF-8"?>
<!-- Generated by org.testng.reporters.JUnitXMLReporter -->
<testsuite hostname="DESKTOP-RTFSPNK" ignored="7" name="TC_Create_Expense" tests="2" failures="0" timestamp="04 Jun 2019 17:46:08 GMT" time="58.867" errors="0">
  <testcase name="LoginTest" time="11.032" classname="com.fieldez.testcases.TC_Create_Expense"/>
  <testcase name="CreateExpenseTest" time="22.468" classname="com.fieldez.testcases.TC_Create_Expense"/>
  <testcase name="TC_16_CreateExpenseTestViewInfo" time="0.0" classname="com.fieldez.testcases.TC_Create_Expense">
    <ignored/>
  </testcase> <!-- TC_16_CreateExpenseTestViewInfo -->
  <testcase name="CreateExpenseTestTarvel" time="0.0" classname="com.fieldez.testcases.TC_Create_Expense">
    <ignored/>
  </testcase> <!-- CreateExpenseTestTarvel -->
  <testcase name="TC_18_CreateExpenseDeleteLineItem" time="0.0" classname="com.fieldez.testcases.TC_Create_Expense">
    <ignored/>
  </testcase> <!-- TC_18_CreateExpenseDeleteLineItem -->
  <testcase name="TC_14_CreateExpenseTestCancelExpense" time="0.0" classname="com.fieldez.testcases.TC_Create_Expense">
    <ignored/>
  </testcase> <!-- TC_14_CreateExpenseTestCancelExpense -->
  <testcase name="TC_15_CreateExpenseTestCancelLineItem" time="0.0" classname="com.fieldez.testcases.TC_Create_Expense">
    <ignored/>
  </testcase> <!-- TC_15_CreateExpenseTestCancelLineItem -->
  <testcase name="TC_13_CreateExpenseTestCancelLineItem" time="0.0" classname="com.fieldez.testcases.TC_Create_Expense">
    <ignored/>
  </testcase> <!-- TC_13_CreateExpenseTestCancelLineItem -->
  <testcase name="TC_17_CreateExpenseTestViewInfoClose" time="0.0" classname="com.fieldez.testcases.TC_Create_Expense">
    <ignored/>
  </testcase> <!-- TC_17_CreateExpenseTestViewInfoClose -->
</testsuite> <!-- TC_Create_Expense -->
